Exporter version: 5.6.4, Blender version: 2.78 (sub 0)
========= Conversion from Blender to Babylon.js =========
	Scene settings used :
		export scope        :  ALL
		inline textures     :  false
		Positions Precision :  4
		Normals Precision   :  3
		UVs Precision       :  3
		Vert Color Precision:  3
		Mat Weight Precision:  2
		texture directory   :  D:\
	Python World class constructor completed
	processing begun of skeleton:  Armature, id:  0
		processing begun of bone:  huefte, index:  0
		processing begun of bone:  spine1, index:  1
		processing begun of bone:  Bone.002, index:  2
		processing begun of bone:  Bone.003, index:  3
		processing begun of bone:  Bone.004, index:  4
		processing begun of bone:  Bone, index:  5
		processing begun of bone:  Bone.001, index:  6
		processing begun of bone:  Bone.005, index:  7
		processing begun of bone:  Bone.006, index:  8
		processing begun of bone:  oben.L, index:  9
		processing begun of bone:  Bone.008, index:  10
		processing begun of bone:  Bone.009, index:  11
		processing begun of bone:  Bone.010, index:  12
		processing begun of bone:  Bone.014, index:  13
		processing begun of bone:  Bone.017, index:  14
		processing begun of bone:  oben.L.001, index:  15
		processing begun of bone:  Bone.011, index:  16
		processing begun of bone:  Bone.012, index:  17
		processing begun of bone:  Bone.013, index:  18
		processing begun of bone:  oben.R, index:  19
		processing begun of bone:  Bone.007, index:  20
		processing begun of bone:  Bone.015, index:  21
		processing begun of bone:  Bone.016, index:  22
		processing begun of bone:  Bone.018, index:  23
		processing begun of bone:  Bone.019, index:  24
		processing begun of bone:  Bone.020, index:  25
		processing begun of bone:  Bone.022, index:  26
		processing begun of bone:  Bone.023, index:  27
	processing begun of mesh:  Cube
		processing begun of Standard material:  Material
		num positions      :  0
		num normals        :  0
		num uvs            :  0
		num uvs2           :  0
		num colors         :  0
		num indices        :  0
	processing begun of camera (UniversalCamera):  Camera
	processing begun of mesh:  Plane
		processing begun of Standard material:  Material.001
		processing begun of Standard material:  Material.002
		processing begun of Standard material:  Material.004
		processing begun of Standard material:  Material.003
		processing begun of Standard material:  Material.005
		processing begun of Standard material:  Material.006
		processing begun of Standard material:  Material.007
		processing begun of Standard material:  Material.008
		processing begun of Standard material:  Material.009
		processing begun of multimaterial:  flarobo.Multimaterial#0
		num positions      :  9039
		num normals        :  9039
		num uvs            :  0
		num uvs2           :  0
		num colors         :  0
		num indices        :  48708
	processing begun of light (POINT):  Lamp
	processing begun of light (SUN):  Sun.001
========= Writing of scene file started =========
========= Writing of scene file completed =========
========= end of processing =========
elapsed time:  0 min, 8.2602 secs
